
ROM used:   635/8192 (8%)
            635/8192 (8%) including unused fragments

            0.5 Average locations per line
            3.6 Average locations per statement

RAM used:   9/368 (2%) at main() level
            25/368 (7%) worst case

Stack used: 5 worst case (5 in main + 0 for interrupts)
Stack size: 8

Lines Stmts  %   Files
----- ----- ---  -----
  150    93  53  keypad_with_LCD.c
  653     0   0  C:\Program Files (x86)\PICC\Devices\16f877.h
  456    84  47  C:\Program Files (x86)\PICC\Drivers\lcd.c
----- -----
 1259   177 Total

Page ROM  %  RAM    Vol Diff  Functions:
---- --- --- ---    --- ----  ----------
0     21   3    1             @delay_ms1
 Inline         3    596  5.9  lcd_read_byte
0      6   1    0     59  4.2  lcd_read_nibble
0     12   2    1    179  3.3  lcd_send_nibble
0     64  10    3    460  4.7  lcd_send_byte
0     62  10    6    814  7.2  lcd_init
0     18   3    4    208  6.3  lcd_gotoxy
0     44   7    1    354  4.7  lcd_putc
0    123  19    0   1840  2.9  keypad_read
0     78  12    1    530  4.2  MAIN
0      7   1    0             @const673
0     88  14    4             @PSTRINGC7_656
0     21   3    3             @DIV88
0     87  14    6             @PRINTF_D_656
 Inline         0             @cinit1

Program metrics:
    Functions               9
    Statements              177
    Comments                214
    Volume (V)              7446
    Difficulty (D)          40.9
    Effort to implement (E) 304264
    Time to implement (T)   4 hours, 42 minutes
    Est Delivered Bugs (B)  2
    Cyclomatic Complexity   26
    Maintainability (MI)    135

 Segment     Used  Free
-----------  ----  ----
00000-00003     4  0  
00004-007FF   631  1413  
00800-00FFF     0  2048  
01000-017FF     0  2048  
01800-01FFF     0  2048  



