
ROM used:   629/8192 (8%)
            629/8192 (8%) including unused fragments

            0.5 Average locations per line
            5.8 Average locations per statement

RAM used:   10/368 (3%) at main() level
            24/368 (7%) worst case

Stack used: 0 worst case (0 in main + 0 for interrupts)
Stack size: 8

Lines Stmts  %   Files
----- ----- ---  -----
   62    24  22  flash_program_mem.c
  629     0   0  C:\Program Files (x86)\PICC\Devices\16f877.h
  456    84  78  C:\Program Files (x86)\PICC\Drivers\lcd.c
----- -----
 1147   108 Total

Page ROM  %  RAM   Vol Diff  Functions:
---- --- --- ---   --- ----  ----------
0     21   3    1             @delay_ms1
0      8   1    0             @const622
 Inline         3   596  5.9  lcd_read_byte
0      6   1    0    59  4.2  lcd_read_nibble
0     12   2    1   179  3.3  lcd_send_nibble
0     64  10    3   460  4.7  lcd_send_byte
0     51   8    2   667  5.9  lcd_init
0     18   3    4   208  6.3  lcd_gotoxy
0     44   7    1   354  4.7  lcd_putc
0    174  28    1   701  4.7  MAIN
0      9   1    0  1953  4.4  @const657
0     75  12    4             @PSTRINGC7_640
0      8   1    0             @const659
0      7   1    0             @const660
0     33   5    2             @PRINTF_X_640
0     86  14    5    43  2.1  @PSTRINGCN7_640
0      9   1    0    44  1.9  @const666
 Inline         0   259  6.9  @cinit1

Program metrics:
    Functions               12
    Statements              108
    Comments                202
    Volume (V)              8426
    Difficulty (D)          53.6
    Effort to implement (E) 451698
    Time to implement (T)   6 hours, 58 minutes
    Est Delivered Bugs (B)  2
    Cyclomatic Complexity   13
    Maintainability (MI)    105

 Segment     Used  Free
-----------  ----  ----
00000-00003     4  0  
00004-007FF   625  1419  
00800-00FFF     0  2048  
01000-017FF     0  2048  
01800-01FFF     0  2048  



