
ROM used:   125/8192 (2%)
            125/8192 (2%) including unused fragments

            0.2 Average locations per line
            5.2 Average locations per statement

RAM used:   13/368 (4%) at main() level
            13/368 (4%) worst case

Stack used: 1 worst case (0 in main + 1 for interrupts)
Stack size: 8

Lines Stmts  %   Files
----- ----- ---  -----
   72    24 100  capture.c
  653     0   0  C:\Program Files (x86)\PICC\Devices\16f877.h
----- -----
  725    24 Total

Page ROM  %  RAM    Vol Diff  Functions:
---- --- --- ---    --- ----  ----------
0      7   6    0     27  1.5  capture1_interrupt
0     12  10    0     66  2.6  capture2_interrupt
0     48  38    0    402  2.8  MAIN
 Inline         0             @cinit1

Program metrics:
    Functions               3
    Statements              24
    Comments                117
    Volume (V)              607
    Difficulty (D)          7.5
    Effort to implement (E) 4537
    Time to implement (T)   4 minutes
    Est Delivered Bugs (B)  0
    Cyclomatic Complexity   1
    Maintainability (MI)    97

 Segment     Used  Free
-----------  ----  ----
00000-00003     4  0  
00004-00039    54  0  
0003A-007FF    67  1923  
00800-00FFF     0  2048  
01000-017FF     0  2048  
01800-01FFF     0  2048  



