
ROM used:   387/8192 (5%)
            387/8192 (5%) including unused fragments

            0.5 Average locations per line
            7.2 Average locations per statement

RAM used:   61/368 (17%) at main() level
            67/368 (18%) worst case

Stack used: 2 worst case (2 in main + 0 for interrupts)
Stack size: 8

Lines Stmts  %   Files
----- ----- ---  -----
  113    54 100  seni_seviyorum.c
  653     0   0  C:\Program Files (x86)\PICC\Devices\16f877.h
----- -----
  766    54 Total

Page ROM  %  RAM    Vol Diff  Functions:
---- --- --- ---    --- ----  ----------
0     21   5    1             @delay_ms1
0     24   6    1    192  3.0  sutunSec
0      9   2    0   1177  5.9  @goto23604
0     41  11    7    364  4.4  matris_karakter_gonder
0    288  74    1   1424  2.5  MAIN
 Inline         0             @cinit1

Program metrics:
    Functions               4
    Statements              54
    Comments                114
    Volume (V)              4038
    Difficulty (D)          15.9
    Effort to implement (E) 64133
    Time to implement (T)   59 minutes
    Est Delivered Bugs (B)  1
    Cyclomatic Complexity   10
    Maintainability (MI)    138

 Segment     Used  Free
-----------  ----  ----
00000-00003     4  0  
00004-007FF   383  1661  
00800-00FFF     0  2048  
01000-017FF     0  2048  
01800-01FFF     0  2048  



