
ROM used:   45/8192 (1%)
            45/8192 (1%) including unused fragments

            0.1 Average locations per line
            3.5 Average locations per statement

RAM used:   7/368 (2%) at main() level
            7/368 (2%) worst case

Stack used: 1 worst case (1 in main + 0 for interrupts)
Stack size: 8

Lines Stmts  %   Files
----- ----- ---  -----
   36    13 100  portOkuma_bilgiGönderme.c
  653     0   0  C:\Program Files (x86)\PICC\Devices\16f877.h
----- -----
  689    13 Total

Page ROM  %  RAM    Vol Diff  Functions:
---- --- --- ---    --- ----  ----------
0     41  91    1    302  3.7  main
 Inline         0             @cinit1

Program metrics:
    Functions               1
    Statements              13
    Comments                115
    Volume (V)              304
    Difficulty (D)          3.6
    Effort to implement (E) 1096
    Time to implement (T)   1 minutes
    Est Delivered Bugs (B)  0
    Cyclomatic Complexity   1
    Maintainability (MI)    60

 Segment     Used  Free
-----------  ----  ----
00000-00003     4  0  
00004-007FF    41  2003  
00800-00FFF     0  2048  
01000-017FF     0  2048  
01800-01FFF     0  2048  



