
ROM used:   2363/8192 (29%)
            2366/8192 (29%) including unused fragments

            1.4 Average locations per line
            8.0 Average locations per statement

RAM used:   28/368 (8%) at main() level
            64/368 (17%) worst case

Stack used: 0 worst case (0 in main + 0 for interrupts)
Stack size: 8

Lines Stmts  %   Files
----- ----- ---  -----
  106    58  20  GLCD.c
  629     0   0  C:\Program Files (x86)\PICC\Devices\16f877.h
  356    76  26  C:\Program Files (x86)\PICC\Drivers\HDM64GS12.c
  540   163  55  C:\Program Files (x86)\PICC\Drivers\graphics.c
----- -----
 1631   297 Total

Page ROM  %  RAM   Vol Diff  Functions:
---- --- --- ---   --- ----  ----------
0     20   1    1             @delay_ms1
0    141   6    1   555  3.4  glcd_init
0    118   5    7   779  7.2  glcd_pixel
 Inline         4   506  4.8  glcd_fillScreen
0     37   2    2  1071  6.1  @MUL88
0     49   2    2   307  2.8  glcd_writeByte
0     49   2    2   318  2.8  glcd_readByte
0    262  11    0  1846  8.8  @const635
0    224   9    0             @const639
0    182   8   17  1519  9.2  glcd_line
0     98   4    6  1071  6.1  glcd_rect
0    353  15   25  2563 10.9  glcd_bar
0     46   2    6             @MULS1616
0    248  10   12  1846  8.8  glcd_circle
0    214   9   20  1587 11.7  glcd_text57
1    318  13    1  2379  5.4  MAIN
 Inline         0             @cinit1

Program metrics:
    Functions               13
    Statements              297
    Comments                444
    Volume (V)              24818
    Difficulty (D)          87.7
    Effort to implement (E) 2177377
    Time to implement (T)   33 hours, 36 minutes
    Est Delivered Bugs (B)  6
    Cyclomatic Complexity   55
    Maintainability (MI)    98

 Segment     Used  Free
-----------  ----  ----
00000-00003     4  0  
00004-007FF  2041  3  
00800-00FFF   318  1730  
01000-017FF     0  2048  
01800-01FFF     0  2048  



