
ROM used:   119/8192 (1%)
            119/8192 (1%) including unused fragments

            0.2 Average locations per line
            7.4 Average locations per statement

RAM used:   12/368 (3%) at main() level
            13/368 (4%) worst case

Stack used: 2 worst case (0 in main + 2 for interrupts)
Stack size: 8

Lines Stmts  %   Files
----- ----- ---  -----
   58    16 100  keypad_2_74C922.c
  653     0   0  C:\Program Files (x86)\PICC\Devices\16f877.h
----- -----
  711    16 Total

Page ROM  %  RAM    Vol Diff  Functions:
---- --- --- ---    --- ----  ----------
0     20  17    0             @const632
0     12  10    1     36  2.0  dis_kesme
0     40  34    0    323  2.8  MAIN
 Inline         0             @cinit1

Program metrics:
    Functions               2
    Statements              16
    Comments                115
    Volume (V)              408
    Difficulty (D)          5.1
    Effort to implement (E) 2073
    Time to implement (T)   2 minutes
    Est Delivered Bugs (B)  0
    Cyclomatic Complexity   1
    Maintainability (MI)    73

 Segment     Used  Free
-----------  ----  ----
00000-00003     4  0  
00004-0002E    43  0  
0002F-007FF    72  1929  
00800-00FFF     0  2048  
01000-017FF     0  2048  
01800-01FFF     0  2048  



