
ROM used:   174/8192 (2%)
            174/8192 (2%) including unused fragments

            0.2 Average locations per line
            4.4 Average locations per statement

RAM used:   9/368 (2%) at main() level
            11/368 (3%) worst case

Stack used: 1 worst case (1 in main + 0 for interrupts)
Stack size: 8

Lines Stmts  %   Files
----- ----- ---  -----
   86    40 100  repeat_app8.c
  653     0   0  C:\Program Files (x86)\PICC\Devices\16f877.h
----- -----
  739    40 Total

Page ROM  %  RAM    Vol Diff  Functions:
---- --- --- ---    --- ----  ----------
0     21  12    1             @delay_ms1
0     14   8    0             @const631
0    114  66    1   1137  5.4  main
0     21  12    3             @DIV88
 Inline         0             @cinit1

Program metrics:
    Functions               1
    Statements              40
    Comments                114
    Volume (V)              1147
    Difficulty (D)          5.1
    Effort to implement (E) 5878
    Time to implement (T)   5 minutes
    Est Delivered Bugs (B)  0
    Cyclomatic Complexity   1
    Maintainability (MI)    37

 Segment     Used  Free
-----------  ----  ----
00000-00003     4  0  
00004-007FF   170  1874  
00800-00FFF     0  2048  
01000-017FF     0  2048  
01800-01FFF     0  2048  



