
ROM used:   79/8192 (1%)
            79/8192 (1%) including unused fragments

            0.1 Average locations per line
            3.8 Average locations per statement

RAM used:   6/368 (2%) at main() level
            7/368 (2%) worst case

Stack used: 0 worst case (0 in main + 0 for interrupts)
Stack size: 8

Lines Stmts  %   Files
----- ----- ---  -----
   45    21 100  BcdCounter.c
  653     0   0  C:\Program Files (x86)\PICC\Devices\16f877.h
----- -----
  698    21 Total

Page ROM  %  RAM    Vol Diff  Functions:
---- --- --- ---    --- ----  ----------
0     23  29    1             @delay_ms1
0     52  66    0    455  4.3  main
 Inline         0             @cinit1

Program metrics:
    Functions               1
    Statements              21
    Comments                114
    Volume (V)              460
    Difficulty (D)          4.0
    Effort to implement (E) 1865
    Time to implement (T)   2 minutes
    Est Delivered Bugs (B)  0
    Cyclomatic Complexity   2
    Maintainability (MI)    52

 Segment     Used  Free
-----------  ----  ----
00000-00003     4  0  
00004-007FF    75  1969  
00800-00FFF     0  2048  
01000-017FF     0  2048  
01800-01FFF     0  2048  



