
ROM used:   113/8192 (1%)
            113/8192 (1%) including unused fragments

            0.2 Average locations per line
            4.3 Average locations per statement

RAM used:   7/368 (2%) at main() level
            7/368 (2%) worst case

Stack used: 0 worst case (0 in main + 0 for interrupts)
Stack size: 8

Lines Stmts  %   Files
----- ----- ---  -----
   55    26 100  muxing_port_with_74ls138.c
  653     0   0  C:\Program Files (x86)\PICC\Devices\16f877.h
----- -----
  708    26 Total

Page ROM  %  RAM    Vol Diff  Functions:
---- --- --- ---    --- ----  ----------
0     21  19    1             @delay_ms1
0     88  78    1    824  4.8  main
 Inline         0             @cinit1

Program metrics:
    Functions               1
    Statements              26
    Comments                114
    Volume (V)              829
    Difficulty (D)          4.7
    Effort to implement (E) 3884
    Time to implement (T)   4 minutes
    Est Delivered Bugs (B)  0
    Cyclomatic Complexity   4
    Maintainability (MI)    45

 Segment     Used  Free
-----------  ----  ----
00000-00003     4  0  
00004-007FF   109  1935  
00800-00FFF     0  2048  
01000-017FF     0  2048  
01800-01FFF     0  2048  



