
ROM used:   177/8192 (2%)
            177/8192 (2%) including unused fragments

            0.2 Average locations per line
            4.8 Average locations per statement

RAM used:   6/368 (2%) at main() level
            8/368 (2%) worst case

Stack used: 0 worst case (0 in main + 0 for interrupts)
Stack size: 8

Lines Stmts  %   Files
----- ----- ---  -----
   95    37 100  muxing_port_with_8255.c
  653     0   0  C:\Program Files (x86)\PICC\Devices\16f877.h
----- -----
  748    37 Total

Page ROM  %  RAM    Vol Diff  Functions:
---- --- --- ---    --- ----  ----------
0     60  34    2    344  4.3  _8255_yazma
0     65  37    1    294  4.1  _8255_okuma
0     48  27    0    323  2.8  MAIN
 Inline         0             @cinit1

Program metrics:
    Functions               3
    Statements              37
    Comments                114
    Volume (V)              1264
    Difficulty (D)          11.1
    Effort to implement (E) 14013
    Time to implement (T)   13 minutes
    Est Delivered Bugs (B)  0
    Cyclomatic Complexity   10
    Maintainability (MI)    92

 Segment     Used  Free
-----------  ----  ----
00000-00003     4  0  
00004-007FF   173  1871  
00800-00FFF     0  2048  
01000-017FF     0  2048  
01800-01FFF     0  2048  



