
ROM used:   190/8192 (2%)
            190/8192 (2%) including unused fragments

            0.2 Average locations per line
            2.2 Average locations per statement

RAM used:   6/368 (2%) at main() level
            7/368 (2%) worst case

Stack used: 1 worst case (1 in main + 0 for interrupts)
Stack size: 8

Lines Stmts  %   Files
----- ----- ---  -----
  138    86 100  keypad.c
  653     0   0  C:\Program Files (x86)\PICC\Devices\16f877.h
----- -----
  791    86 Total

Page ROM  %  RAM    Vol Diff  Functions:
---- --- --- ---    --- ----  ----------
0     21  11    1             @delay_ms1
0    125  66    0   1840  2.9  keypad_read
0     40  21    0    272  2.8  MAIN
 Inline         0             @cinit1

Program metrics:
    Functions               2
    Statements              86
    Comments                114
    Volume (V)              2330
    Difficulty (D)          5.8
    Effort to implement (E) 13405
    Time to implement (T)   12 minutes
    Est Delivered Bugs (B)  0
    Cyclomatic Complexity   16
    Maintainability (MI)    33

 Segment     Used  Free
-----------  ----  ----
00000-00003     4  0  
00004-007FF   186  1858  
00800-00FFF     0  2048  
01000-017FF     0  2048  
01800-01FFF     0  2048  



