
ROM used:   1502/8192 (18%)
            1502/8192 (18%) including unused fragments

            1.6 Average locations per line
            6.4 Average locations per statement

RAM used:   12/368 (3%) at main() level
            37/368 (10%) worst case

Stack used: 3 worst case (3 in main + 0 for interrupts)
Stack size: 8

Lines Stmts  %   Files
----- ----- ---  -----
   66    39  17  özel_karakterli_LCD.c
  653     0   0  C:\Program Files (x86)\PICC\Devices\16f877.h
  193   194  83  C:\Program Files (x86)\PICC\Drivers\ozel_karakter_LCD.c
----- -----
  912   233 Total

Page ROM  %  RAM    Vol Diff  Functions:
---- --- --- ---    --- ----  ----------
0     21   1    1             @delay_ms1
0     52   3    3    338  2.4  lcd_komut
0     98   7    2    844  3.9  lcd_veri
0     20   1    3    181  4.3  imlec
0     81   5    2    458  3.3  lcd_hazirla
0    372  25    0   4126  1.5  ozel_karakterler
0    205  14    1   1246  2.4  MAIN
0     16   1    0             @const644
0     44   3    2             @PSTRINGC_632
0      8   1    0             @const649
0     88   6    4             @PSTRINGC7_632
0     17   1    0             @const651
0     14   1    0             @const660
0     42   3    3             @PSTRINGCN_632
 Inline        13             @MULFF
 Inline         5             @FTOSD
0     79   5   13             @DIV3232
0    341  23   13             @PRINTF_L32D_632FPFPF
 Inline         0             @cinit1

Program metrics:
    Functions               6
    Statements              233
    Comments                136
    Volume (V)              9333
    Difficulty (D)          17.6
    Effort to implement (E) 164419
    Time to implement (T)   2 hours, 32 minutes
    Est Delivered Bugs (B)  1
    Cyclomatic Complexity   11
    Maintainability (MI)    117

 Segment     Used  Free
-----------  ----  ----
00000-00003     4  0  
00004-007FF  1498  546  
00800-00FFF     0  2048  
01000-017FF     0  2048  
01800-01FFF     0  2048  



