
ROM used:   108/8192 (1%)
            108/8192 (1%) including unused fragments

            0.2 Average locations per line
            5.1 Average locations per statement

RAM used:   13/368 (4%) at main() level
            13/368 (4%) worst case

Stack used: 1 worst case (0 in main + 1 for interrupts)
Stack size: 8

Lines Stmts  %   Files
----- ----- ---  -----
   62    21 100  timer0_int_counter.c
  653     0   0  C:\Program Files (x86)\PICC\Devices\16f877.h
----- -----
  715    21 Total

Page ROM  %  RAM    Vol Diff  Functions:
---- --- --- ---    --- ----  ----------
0     13  12    0     92  2.9  timer0_interrupt
0     48  44    0    362  2.8  MAIN
 Inline         0             @cinit1

Program metrics:
    Functions               2
    Statements              21
    Comments                114
    Volume (V)              529
    Difficulty (D)          5.8
    Effort to implement (E) 3067
    Time to implement (T)   3 minutes
    Est Delivered Bugs (B)  0
    Cyclomatic Complexity   1
    Maintainability (MI)    66

 Segment     Used  Free
-----------  ----  ----
00000-00003     4  0  
00004-0002E    43  0  
0002F-007FF    61  1940  
00800-00FFF     0  2048  
01000-017FF     0  2048  
01800-01FFF     0  2048  



