
ROM used:   113/8192 (1%)
            113/8192 (1%) including unused fragments

            0.2 Average locations per line
            5.4 Average locations per statement

RAM used:   13/368 (4%) at main() level
            13/368 (4%) worst case

Stack used: 1 worst case (0 in main + 1 for interrupts)
Stack size: 8

Lines Stmts  %   Files
----- ----- ---  -----
   62    21 100  timer_1_int_counter.c
  653     0   0  C:\Program Files (x86)\PICC\Devices\16f877.h
----- -----
  715    21 Total

Page ROM  %  RAM    Vol Diff  Functions:
---- --- --- ---    --- ----  ----------
0     15  13    0     92  2.9  timer1_interrupt
0     49  43    0    362  2.8  MAIN
 Inline         0             @cinit1

Program metrics:
    Functions               2
    Statements              21
    Comments                115
    Volume (V)              529
    Difficulty (D)          5.8
    Effort to implement (E) 3067
    Time to implement (T)   3 minutes
    Est Delivered Bugs (B)  0
    Cyclomatic Complexity   1
    Maintainability (MI)    67

 Segment     Used  Free
-----------  ----  ----
00000-00003     4  0  
00004-00030    45  0  
00031-007FF    64  1935  
00800-00FFF     0  2048  
01000-017FF     0  2048  
01800-01FFF     0  2048  



