
ROM used:   193/8192 (2%)
            193/8192 (2%) including unused fragments

            0.3 Average locations per line
            4.9 Average locations per statement

RAM used:   9/368 (2%) at main() level
            11/368 (3%) worst case

Stack used: 1 worst case (1 in main + 0 for interrupts)
Stack size: 8

Lines Stmts  %   Files
----- ----- ---  -----
   86    39 100  displayApp3_with_7448_and_button_counter.c
  653     0   0  C:\Program Files (x86)\PICC\Devices\16f877.h
----- -----
  739    39 Total

Page ROM  %  RAM    Vol Diff  Functions:
---- --- --- ---    --- ----  ----------
0     21  11    1             @delay_ms1
0     14   7    0             @const634
0    133  69    1   1277  7.8  main
0     21  11    3             @DIV88
 Inline         0             @cinit1

Program metrics:
    Functions               1
    Statements              39
    Comments                114
    Volume (V)              1288
    Difficulty (D)          7.5
    Effort to implement (E) 9622
    Time to implement (T)   9 minutes
    Est Delivered Bugs (B)  0
    Cyclomatic Complexity   3
    Maintainability (MI)    37

 Segment     Used  Free
-----------  ----  ----
00000-00003     4  0  
00004-007FF   189  1855  
00800-00FFF     0  2048  
01000-017FF     0  2048  
01800-01FFF     0  2048  



