
ROM used:   79/8192 (1%)
            79/8192 (1%) including unused fragments

            0.1 Average locations per line
            3.4 Average locations per statement

RAM used:   5/368 (1%) at main() level
            5/368 (1%) worst case

Stack used: 0 worst case (0 in main + 0 for interrupts)
Stack size: 8

Lines Stmts  %   Files
----- ----- ---  -----
   64    23 100  dcMotor.c
  629     0   0  C:\Program Files (x86)\PICC\Devices\16f877.h
----- -----
  693    23 Total

Page ROM  %  RAM   Vol Diff  Functions:
---- --- --- ---   --- ----  ----------
0     75  95    0   489  2.9  main
 Inline         0             @cinit1

Program metrics:
    Functions               1
    Statements              23
    Comments                106
    Volume (V)              491
    Difficulty (D)          2.8
    Effort to implement (E) 1369
    Time to implement (T)   1 minutes
    Est Delivered Bugs (B)  0
    Cyclomatic Complexity   3
    Maintainability (MI)    75

 Segment     Used  Free
-----------  ----  ----
00000-00003     4  0  
00004-007FF    75  1969  
00800-00FFF     0  2048  
01000-017FF     0  2048  
01800-01FFF     0  2048  



