
ROM used:   956/8192 (12%)
            956/8192 (12%) including unused fragments

            0.8 Average locations per line
            8.6 Average locations per statement

RAM used:   144/368 (39%) at main() level
            163/368 (44%) worst case

Stack used: 1 worst case (0 in main + 1 for interrupts)
Stack size: 8

Lines Stmts  %   Files
----- ----- ---  -----
   77    27  24  rs232_serial_communication.c
  629     0   0  C:\Program Files (x86)\PICC\Devices\16f877.h
  456    84  76  C:\Program Files (x86)\PICC\Drivers\lcd.c
----- -----
 1162   111 Total

Page ROM  %  RAM   Vol Diff  Functions:
---- --- --- ---   --- ----  ----------
0     21   2    1             @delay_ms1
0      8   1    0             @const622
0     48   5    3   596  5.9  lcd_read_byte
 Inline         0    59  4.2  lcd_read_nibble
0     14   1    1   179  3.3  lcd_send_nibble
0     46   5    3   460  4.7  lcd_send_byte
 Inline         2   667  5.9  lcd_init
0     20   2    4   208  6.3  lcd_gotoxy
0     58   6    1   354  4.7  lcd_putc
0    110  12    0   310  1.8  serialCommunication_interrupt
0     13   1    0             @const659
0     79   8    5             @PSTRINGCN7_9600_62_63
0     30   3    2             @PSTRINGR_9600_62_63
0     29   3    2             @PSTRINGR_640
0     15   2    0             @const665
0     28   3    0   341  2.3  @const667
0     70   7    4             @PSTRINGC7_9600_62_63
0    185  19    0   341  2.3  MAIN
0     16   2    0             @const672
0     55   6    0             @const673
0     34   4    2             @PSTRINGC_9600_62_63
0     28   3    0             @const675
 Inline         0             @cinit1

Program metrics:
    Functions               10
    Statements              111
    Comments                202
    Volume (V)              5638
    Difficulty (D)          38.0
    Effort to implement (E) 214236
    Time to implement (T)   3 hours, 18 minutes
    Est Delivered Bugs (B)  1
    Cyclomatic Complexity   8
    Maintainability (MI)    130

 Segment     Used  Free
-----------  ----  ----
00000-00003     4  0  
00004-00030    45  0  
00031-007FF   907  1092  
00800-00FFF     0  2048  
01000-017FF     0  2048  
01800-01FFF     0  2048  



