
ROM used:   1002/8192 (12%)
            1002/8192 (12%) including unused fragments

            0.8 Average locations per line
            7.1 Average locations per statement

RAM used:   16/368 (4%) at main() level
            32/368 (9%) worst case

Stack used: 1 worst case (0 in main + 1 for interrupts)
Stack size: 8

Lines Stmts  %   Files
----- ----- ---  -----
  114    57  40  hafizali_kronometre.c
  629     0   0  C:\Program Files (x86)\PICC\Devices\16f877.h
  456    84  60  C:\Program Files (x86)\PICC\Drivers\lcd.c
----- -----
 1199   141 Total

Page ROM  %  RAM   Vol Diff  Functions:
---- --- --- ---   --- ----  ----------
0     21   2    1             @delay_ms1
0      8   1    0             @const622
 Inline         3   596  5.9  lcd_read_byte
0      6   1    0    59  4.2  lcd_read_nibble
0     12   1    1   179  3.3  lcd_send_nibble
0     64   6    3   460  4.7  lcd_send_byte
0     51   5    2   667  5.9  lcd_init
0     18   2    4   208  6.3  lcd_gotoxy
0     44   4    1   354  4.7  lcd_putc
0     16   2    0   136  3.0  timer0_interrupt
0    422  42    2  1953  4.4  MAIN
0      8   1    0             @const658
0     84   8    5             @PSTRINGCN7_640
0     21   2    3             @DIV88
0     53   5    2             @PRINTF_U_640
0     87   9    6             @PRINTF_D0_640
0      8   1    0             @const670
0      8   1    0             @const671
0      8   1    0             @const672
0      8   1    0             @const673
0      8   1    0             @const674
 Inline         0             @cinit1

Program metrics:
    Functions               9
    Statements              141
    Comments                202
    Volume (V)              6759
    Difficulty (D)          39.4
    Effort to implement (E) 266526
    Time to implement (T)   4 hours, 7 minutes
    Est Delivered Bugs (B)  1
    Cyclomatic Complexity   13
    Maintainability (MI)    135

 Segment     Used  Free
-----------  ----  ----
00000-00003     4  0  
00004-0002E    43  0  
0002F-007FF   955  1046  
00800-00FFF     0  2048  
01000-017FF     0  2048  
01800-01FFF     0  2048  



