CCS PCM C Compiler, Version 5.084d, 1               07-Jun-19 16:29
Compiler operating in Evaluation Mode
To obtain a fully enabled compiler visit www.ccsinfo.com/products

               Filename:   Y:\ccs c projects\App15_rb4-rb7_on_change_interrupt\on_change_int.lst

               ROM used:   122 words (1%)
                           Largest free fragment is 2048
               RAM used:   13 (4%) at main() level
                           15 (4%) worst case
               Stack used: 0 locations
               Stack size: 8

*
0000:  MOVLW  00
0001:  MOVWF  0A
0002:  GOTO   056
0003:  NOP
0004:  MOVWF  7F
0005:  SWAPF  03,W
0006:  CLRF   03
0007:  MOVWF  21
0008:  MOVF   0A,W
0009:  MOVWF  20
000A:  CLRF   0A
000B:  MOVF   04,W
000C:  MOVWF  22
000D:  MOVF   77,W
000E:  MOVWF  23
000F:  MOVF   78,W
0010:  MOVWF  24
0011:  MOVF   79,W
0012:  MOVWF  25
0013:  MOVF   7A,W
0014:  MOVWF  26
0015:  BCF    03.7
0016:  BCF    03.5
0017:  BTFSS  0B.3
0018:  GOTO   01B
0019:  BTFSC  0B.0
001A:  GOTO   02C
001B:  MOVF   22,W
001C:  MOVWF  04
001D:  MOVF   23,W
001E:  MOVWF  77
001F:  MOVF   24,W
0020:  MOVWF  78
0021:  MOVF   25,W
0022:  MOVWF  79
0023:  MOVF   26,W
0024:  MOVWF  7A
0025:  MOVF   20,W
0026:  MOVWF  0A
0027:  SWAPF  21,W
0028:  MOVWF  03
0029:  SWAPF  7F,F
002A:  SWAPF  7F,W
002B:  RETFIE
002C:  BCF    0A.3
002D:  BCF    0A.4
002E:  GOTO   02F
....................  
.................... #include <16f877.h> 
.................... //////////// Standard Header file for the PIC16F877 device //////////////// 
.................... /////////////////////////////////////////////////////////////////////////// 
.................... ////        (C) Copyright 1996, 2014 Custom Computer Services          //// 
.................... //// This source code may only be used by licensed users of the CCS C  //// 
.................... //// compiler.  This source code may only be distributed to other      //// 
.................... //// licensed users of the CCS C compiler.  No other use, reproduction //// 
.................... //// or distribution is permitted without written permission.          //// 
.................... //// Derivative programs created using this software in object code    //// 
.................... //// form are not restricted in any way.                               //// 
.................... /////////////////////////////////////////////////////////////////////////// 
.................... #device PIC16F877 
....................  
.................... #list 
....................  
....................  
.................... #fuses XT, NOWDT, NOPROTECT, NOBROWNOUT, NOLVP, NOPUT, NOWRT, NODEBUG, NOCPD 
....................  
.................... #use delay (clock = 4000000) 
*
003B:  MOVLW  29
003C:  MOVWF  04
003D:  BCF    03.7
003E:  MOVF   00,W
003F:  BTFSC  03.2
0040:  GOTO   04F
0041:  MOVLW  01
0042:  MOVWF  78
0043:  CLRF   77
0044:  DECFSZ 77,F
0045:  GOTO   044
0046:  DECFSZ 78,F
0047:  GOTO   043
0048:  MOVLW  4A
0049:  MOVWF  77
004A:  DECFSZ 77,F
004B:  GOTO   04A
004C:  GOTO   04D
004D:  DECFSZ 00,F
004E:  GOTO   041
....................  
.................... #use fast_io(b) 
....................  
.................... char i; 
....................  
.................... #int_RB 
.................... void B_degisiklik() 
.................... { 
....................    if(input(pin_b4)) 
*
002F:  BTFSC  06.4
....................       output_high(pin_b0); 
0030:  BSF    06.0
....................    if(input(pin_b5)) 
0031:  BTFSC  06.5
....................       output_high(pin_b1); 
0032:  BSF    06.1
....................    if(input(pin_b6)) 
0033:  BTFSC  06.6
....................       output_high(pin_b2); 
0034:  BSF    06.2
....................    if(input(pin_b7)) 
0035:  BTFSC  06.7
....................       output_high(pin_b3); 
0036:  BSF    06.3
....................     
....................    delay_ms(2000); 
0037:  MOVLW  08
0038:  MOVWF  28
0039:  MOVLW  FA
003A:  MOVWF  29
*
004F:  DECFSZ 28,F
0050:  GOTO   039
....................    output_b(0x00); 
0051:  CLRF   06
0052:  BCF    0B.0
0053:  BCF    0A.3
0054:  BCF    0A.4
0055:  GOTO   01B
.................... } 
....................  
.................... void main() 
0056:  MOVF   03,W
0057:  ANDLW  1F
0058:  MOVWF  03
0059:  BSF    03.5
005A:  BSF    1F.0
005B:  BSF    1F.1
005C:  BSF    1F.2
005D:  BCF    1F.3
005E:  BCF    03.7
.................... { 
....................    setup_psp(PSP_DISABLED); 
005F:  BCF    09.4
....................    setup_timer_1(T1_DISABLED); 
0060:  BCF    03.5
0061:  CLRF   10
....................    setup_timer_2(T2_DISABLED, 0, 1); 
0062:  MOVLW  00
0063:  MOVWF  78
0064:  MOVWF  12
0065:  MOVLW  00
0066:  BSF    03.5
0067:  MOVWF  12
....................    setup_adc_ports(NO_ANALOGS); 
0068:  BSF    1F.0
0069:  BSF    1F.1
006A:  BSF    1F.2
006B:  BCF    1F.3
....................    setup_adc(ADC_OFF); 
006C:  BCF    03.5
006D:  BCF    1F.0
....................    setup_CCP1(CCP_OFF); 
006E:  MOVLW  F0
006F:  ANDWF  17,F
....................    setup_CCP2(CCP_OFF); 
0070:  ANDWF  1D,F
....................     
....................    set_tris_b(0xF0); 
0071:  BSF    03.5
0072:  MOVWF  06
....................    output_b(0x00); 
0073:  BCF    03.5
0074:  CLRF   06
....................     
....................    enable_interrupts(INT_RB); 
0075:  BSF    0B.3
....................    enable_interrupts(GLOBAL); 
0076:  MOVLW  C0
0077:  IORWF  0B,F
....................     
....................    while(true); 
0078:  GOTO   078
....................     
.................... } 
....................  
0079:  SLEEP
....................  
....................  
....................  
....................  
....................  
....................  
....................  
....................  
....................  
....................  

Configuration Fuses:
   Word  1: 3F39   XT NOWDT NOPUT NOBROWNOUT NOLVP NOCPD NOWRT NODEBUG NOPROTECT
