
ROM used:   1578/8192 (19%)
            1578/8192 (19%) including unused fragments

            0.5 Average locations per line
            4.3 Average locations per statement

RAM used:   13/368 (4%) at main() level
            53/368 (14%) worst case

Stack used: 0 worst case (0 in main + 0 for interrupts)
Stack size: 8

Lines Stmts  %   Files
----- ----- ---  -----
   70    28   8  bit_by_bit.c
  629     0   0  C:\Program Files (x86)\PICC\Devices\16f877.h
  456    84  23  C:\Program Files (x86)\PICC\Drivers\lcd.c
 2229   257  70  C:\Program Files (x86)\PICC\Drivers\math.h
----- -----
 3384   369 Total

Page ROM  %  RAM   Vol Diff  Functions:
---- --- --- ---   --- ----  ----------
0     21   1    1             @delay_ms1
0      8   1    0             @const622
 Inline         3   596  5.9  lcd_read_byte
0      6   0    0    59  4.2  lcd_read_nibble
0     12   1    1   179  3.3  lcd_send_nibble
0     64   4    3   460  4.7  lcd_send_byte
0     51   3    2   667  5.9  lcd_init
0     18   1    4   208  6.3  lcd_gotoxy
0     44   3    1   354  4.7  lcd_putc
 Inline        20  1121 10.1  CEIL_FLOOR
0     63   4   10  1953  4.4  @FLT
0     31   2    4             @SFTOI
0     29   2    2             @ITOF
0    117   7   13             @MULFF
0    321  20   16             @ADDFF
0    412  26    4    43  2.1  floor
0    176  11    4   950  5.7  MAIN
0      8   1    0             @const800
0     75   5    4             @PSTRINGC7_640
0      7   0    0             @const802
0     21   1    3             @DIV88
0     55   3    2             @PRINTF_U_640
0     35   2    2             @PRINTF_X_640
 Inline         0             @cinit1

Program metrics:
    Functions               11
    Statements              369
    Comments                459
    Volume (V)              9912
    Difficulty (D)          54.1
    Effort to implement (E) 536136
    Time to implement (T)   8 hours, 16 minutes
    Est Delivered Bugs (B)  2
    Cyclomatic Complexity   20
    Maintainability (MI)    51

 Segment     Used  Free
-----------  ----  ----
00000-00003     4  0  
00004-007FF  1574  470  
00800-00FFF     0  2048  
01000-017FF     0  2048  
01800-01FFF     0  2048  



