
ROM used:   108/8192 (1%)
            108/8192 (1%) including unused fragments

            0.2 Average locations per line
            5.4 Average locations per statement

RAM used:   13/368 (4%) at main() level
            13/368 (4%) worst case

Stack used: 1 worst case (0 in main + 1 for interrupts)
Stack size: 8

Lines Stmts  %   Files
----- ----- ---  -----
   62    20 100  timer2_int.c
  653     0   0  C:\Program Files (x86)\PICC\Devices\16f877.h
----- -----
  715    20 Total

Page ROM  %  RAM    Vol Diff  Functions:
---- --- --- ---    --- ----  ----------
0      7   6    0     45  1.4  timer2_interrupt
0     52  48    0    407  2.8  MAIN
 Inline         0             @cinit1

Program metrics:
    Functions               2
    Statements              20
    Comments                116
    Volume (V)              509
    Difficulty (D)          4.4
    Effort to implement (E) 2261
    Time to implement (T)   2 minutes
    Est Delivered Bugs (B)  0
    Cyclomatic Complexity   1
    Maintainability (MI)    70

 Segment     Used  Free
-----------  ----  ----
00000-00003     4  0  
00004-00030    45  0  
00031-007FF    59  1940  
00800-00FFF     0  2048  
01000-017FF     0  2048  
01800-01FFF     0  2048  



