
ROM used:   109/8192 (1%)
            109/8192 (1%) including unused fragments

            0.2 Average locations per line
            4.7 Average locations per statement

RAM used:   13/368 (4%) at main() level
            13/368 (4%) worst case

Stack used: 1 worst case (0 in main + 1 for interrupts)
Stack size: 8

Lines Stmts  %   Files
----- ----- ---  -----
   62    23 100  timer0_int.c
  653     0   0  C:\Program Files (x86)\PICC\Devices\16f877.h
----- -----
  715    23 Total

Page ROM  %  RAM    Vol Diff  Functions:
---- --- --- ---    --- ----  ----------
0     17  16    0    143  3.0  timer0_interrupt
0     45  41    0    336  2.8  MAIN
 Inline         0             @cinit1

Program metrics:
    Functions               2
    Statements              23
    Comments                114
    Volume (V)              569
    Difficulty (D)          5.8
    Effort to implement (E) 3315
    Time to implement (T)   3 minutes
    Est Delivered Bugs (B)  0
    Cyclomatic Complexity   2
    Maintainability (MI)    64

 Segment     Used  Free
-----------  ----  ----
00000-00003     4  0  
00004-0002E    43  0  
0002F-007FF    62  1939  
00800-00FFF     0  2048  
01000-017FF     0  2048  
01800-01FFF     0  2048  



