
ROM used:   921/8192 (11%)
            921/8192 (11%) including unused fragments

            0.8 Average locations per line
            11.1 Average locations per statement

RAM used:   10/368 (3%) at main() level
            15/368 (4%) worst case

Stack used: 0 worst case (0 in main + 0 for interrupts)
Stack size: 8

Lines Stmts  %   Files
----- ----- ---  -----
   73    31  37  i2c_with_24c02.c
  629     0   0  C:\Program Files (x86)\PICC\Devices\16f877.h
  269    29  35  C:\Program Files (x86)\PICC\Drivers\input.c
   28     0   0  C:\Program Files (x86)\PICC\Drivers\ctype.h
   86    23  28  C:\Program Files (x86)\PICC\Drivers\2402.c
----- -----
 1085    83 Total

Page ROM  %  RAM   Vol Diff  Functions:
---- --- --- ---   --- ----  ----------
0     33   4    2   174  4.4  gethex1
0     22   2    3   171  4.8  gethex
 Inline         3             @I2C_READ_2
0     74   8    1             @I2C_WRITE_2
0     59   6    1    84  2.4  ext_eeprom_ready
0     63   7    2   134  2.8  write_ext_eeprom
0    163  18    2   207  3.3  read_ext_eeprom
0    165  18    1   872  5.2  MAIN
0     14   2    0             @const649
0     77   8    4             @PSTRINGC7_9600_62_63
0     23   2    0             @const651
0     14   2    0             @const652
0     12   1    0             @const653
0     15   2    0             @const654
0     19   2    0             @const655
0      7   1    0             @const656
0     88  10    5             @PSTRINGCN7_9600_62_63
0     37   4    2             @PRINTF_X_9600_62_63
0     22   2    0             @const662
0     10   1    0             @const663
 Inline         0             @cinit1

Program metrics:
    Functions               6
    Statements              83
    Comments                262
    Volume (V)              2373
    Difficulty (D)          21.2
    Effort to implement (E) 50294
    Time to implement (T)   47 minutes
    Est Delivered Bugs (B)  0
    Cyclomatic Complexity   5
    Maintainability (MI)    61

 Segment     Used  Free
-----------  ----  ----
00000-00003     4  0  
00004-007FF   917  1127  
00800-00FFF     0  2048  
01000-017FF     0  2048  
01800-01FFF     0  2048  



