
ROM used:   132/8192 (2%)
            132/8192 (2%) including unused fragments

            0.2 Average locations per line
            4.9 Average locations per statement

RAM used:   6/368 (2%) at main() level
            7/368 (2%) worst case

Stack used: 1 worst case (1 in main + 0 for interrupts)
Stack size: 8

Lines Stmts  %   Files
----- ----- ---  -----
   45    27 100  led_toggle.c
  653     0   0  C:\Program Files (x86)\PICC\Devices\16f877.h
----- -----
  698    27 Total

Page ROM  %  RAM    Vol Diff  Functions:
---- --- --- ---    --- ----  ----------
0     21  16    1             @delay_ms1
0    107  81    1    661  2.9  main
 Inline         0             @cinit1

Program metrics:
    Functions               1
    Statements              27
    Comments                114
    Volume (V)              666
    Difficulty (D)          2.8
    Effort to implement (E) 1860
    Time to implement (T)   2 minutes
    Est Delivered Bugs (B)  0
    Cyclomatic Complexity   1
    Maintainability (MI)    47

 Segment     Used  Free
-----------  ----  ----
00000-00003     4  0  
00004-007FF   128  1916  
00800-00FFF     0  2048  
01000-017FF     0  2048  
01800-01FFF     0  2048  



