
ROM used:   455/8192 (6%)
            455/8192 (6%) including unused fragments

            0.6 Average locations per line
            5.8 Average locations per statement

RAM used:   8/368 (2%) at main() level
            12/368 (3%) worst case

Stack used: 3 worst case (3 in main + 0 for interrupts)
Stack size: 8

Lines Stmts  %   Files
----- ----- ---  -----
   58    28  36  benim_LCD_uygulamam.c
  653     0   0  C:\Program Files (x86)\PICC\Devices\16f877.h
   98    50  64  C:\Program Files (x86)\PICC\Drivers\benim_LCD.c
----- -----
  809    78 Total

Page ROM  %  RAM    Vol Diff  Functions:
---- --- --- ---    --- ----  ----------
0     21   5    1             @delay_ms1
0     52  11    2    338  2.4  lcd_komut
0     52  11    2    338  2.4  lcd_veri
0     20   4    3    181  4.3  imlec
0     81  18    2    458  3.3  lcd_hazirla
0    126  28    1    806  2.4  MAIN
0      8   2    0             @const642
0     86  19    4             @PSTRINGC7_632
0      5   1    0             @const647
 Inline         0             @cinit1

Program metrics:
    Functions               5
    Statements              78
    Comments                127
    Volume (V)              2971
    Difficulty (D)          14.3
    Effort to implement (E) 42563
    Time to implement (T)   39 minutes
    Est Delivered Bugs (B)  0
    Cyclomatic Complexity   3
    Maintainability (MI)    143

 Segment     Used  Free
-----------  ----  ----
00000-00003     4  0  
00004-007FF   451  1593  
00800-00FFF     0  2048  
01000-017FF     0  2048  
01800-01FFF     0  2048  



