
ROM used:   177/8192 (2%)
            177/8192 (2%) including unused fragments

            0.2 Average locations per line
            4.3 Average locations per statement

RAM used:   9/368 (2%) at main() level
            11/368 (3%) worst case

Stack used: 1 worst case (1 in main + 0 for interrupts)
Stack size: 8

Lines Stmts  %   Files
----- ----- ---  -----
   87    41 100  displayApp2_0-99_counter.c
  653     0   0  C:\Program Files (x86)\PICC\Devices\16f877.h
----- -----
  740    41 Total

Page ROM  %  RAM    Vol Diff  Functions:
---- --- --- ---    --- ----  ----------
0     21  12    1             @delay_ms1
0     14   8    0             @const634
0    117  66    1   1177  5.9  main
0     21  12    3             @DIV88
 Inline         0             @cinit1

Program metrics:
    Functions               1
    Statements              41
    Comments                114
    Volume (V)              1188
    Difficulty (D)          5.6
    Effort to implement (E) 6651
    Time to implement (T)   6 minutes
    Est Delivered Bugs (B)  0
    Cyclomatic Complexity   2
    Maintainability (MI)    37

 Segment     Used  Free
-----------  ----  ----
00000-00003     4  0  
00004-007FF   173  1871  
00800-00FFF     0  2048  
01000-017FF     0  2048  
01800-01FFF     0  2048  



