
ROM used:   1524/8192 (19%)
            1524/8192 (19%) including unused fragments

            1.3 Average locations per line
            11.6 Average locations per statement

RAM used:   20/368 (5%) at main() level
            46/368 (12%) worst case

Stack used: 1 worst case (0 in main + 1 for interrupts)
Stack size: 8

Lines Stmts  %   Files
----- ----- ---  -----
  115    47  36  ADC_1.c
  629     0   0  C:\Program Files (x86)\PICC\Devices\16f877.h
  456    84  64  C:\Program Files (x86)\PICC\Drivers\lcd.c
----- -----
 1200   131 Total

Page ROM  %  RAM   Vol Diff  Functions:
---- --- --- ---   --- ----  ----------
0     21   1    1             @delay_ms1
0      8   1    0             @const622
 Inline         3   596  5.9  lcd_read_byte
0      6   0    0    59  4.2  lcd_read_nibble
0     12   1    1   179  3.3  lcd_send_nibble
0     64   4    3   460  4.7  lcd_send_byte
0     69   5    2   667  5.9  lcd_init
0     18   1    4   208  6.3  lcd_gotoxy
0     50   3    1   354  4.7  lcd_putc
0      9   1    0    48  1.1  ADC_Interrupt
0    439  29    1  1495  3.4  MAIN
0      9   1    0             @const658
0     75   5    4             @PSTRINGC7_640
0     29   2    2             @ITOF
0    117   8   13             @MULFF
0      6   0    0             @const665
0      8   1    0             @const666
0     84   6    5             @PSTRINGCN7_640
0     99   6    9             @PRINTF_LU_640
0      7   0    0             @const671
 Inline         5             @FTOSD
0     79   5   13             @DIV3232
0    224  15   13             @PRINTF_L32D_640FPFPF
0      6   0    0             @const680
0      8   1    0             @const681
0      7   0    0             @const682
0      6   0    0             @const683
0      8   1    0             @const684
0      7   0    0             @const685
 Inline         0             @cinit1

Program metrics:
    Functions               9
    Statements              131
    Comments                204
    Volume (V)              6057
    Difficulty (D)          35.5
    Effort to implement (E) 214852
    Time to implement (T)   3 hours, 19 minutes
    Est Delivered Bugs (B)  1
    Cyclomatic Complexity   8
    Maintainability (MI)    138

 Segment     Used  Free
-----------  ----  ----
00000-00003     4  0  
00004-00030    45  0  
00031-007FF  1475  524  
00800-00FFF     0  2048  
01000-017FF     0  2048  
01800-01FFF     0  2048  



