
ROM used:   48/8192 (1%)
            48/8192 (1%) including unused fragments

            0.1 Average locations per line
            3.7 Average locations per statement

RAM used:   6/368 (2%) at main() level
            6/368 (2%) worst case

Stack used: 0 worst case (0 in main + 0 for interrupts)
Stack size: 8

Lines Stmts  %   Files
----- ----- ---  -----
   32    13 100  buton_ile_led_kontrol.c
  653     0   0  C:\Program Files (x86)\PICC\Devices\16f877.h
----- -----
  685    13 Total

Page ROM  %  RAM    Vol Diff  Functions:
---- --- --- ---    --- ----  ----------
0     44  92    0    307  3.3  main
 Inline         0             @cinit1

Program metrics:
    Functions               1
    Statements              13
    Comments                114
    Volume (V)              310
    Difficulty (D)          3.2
    Effort to implement (E) 979
    Time to implement (T)   1 minutes
    Est Delivered Bugs (B)  0
    Cyclomatic Complexity   1
    Maintainability (MI)    62

 Segment     Used  Free
-----------  ----  ----
00000-00003     4  0  
00004-007FF    44  2000  
00800-00FFF     0  2048  
01000-017FF     0  2048  
01800-01FFF     0  2048  



