
ROM used:   1158/8192 (14%)
            1158/8192 (14%) including unused fragments

            1.0 Average locations per line
            10.3 Average locations per statement

RAM used:   14/368 (4%) at main() level
            39/368 (11%) worst case

Stack used: 6 worst case (6 in main + 0 for interrupts)
Stack size: 8

Lines Stmts  %   Files
----- ----- ---  -----
   72    28  25  char_lcd.c
  653     0   0  C:\Program Files (x86)\PICC\Devices\16f877.h
  456    84  75  C:\Program Files (x86)\PICC\Drivers\lcd.c
----- -----
 1181   112 Total

Page ROM  %  RAM    Vol Diff  Functions:
---- --- --- ---    --- ----  ----------
0     21   2    1             @delay_ms1
0     34   3    3    596  5.9  lcd_read_byte
0      6   1    0     59  4.2  lcd_read_nibble
0     12   1    1    179  3.3  lcd_send_nibble
0     32   3    3    460  4.7  lcd_send_byte
0     62   5    6    814  7.2  lcd_init
0     18   2    4    208  6.3  lcd_gotoxy
0     44   4    1    354  4.7  lcd_putc
0     20   2    4    238  4.0  lcd_getc
0    168  15    1    871  2.8  MAIN
0      6   1    0             @const674
0     86   7    4             @PSTRINGC7_656
0      8   1    0             @const679
0      8   1    0             @const680
0     87   8    5             @PSTRINGCN7_656
0     21   2    3             @DIV88
0     89   8    6             @PRINTF_D_656
0      8   1    0             @const689
 Inline        13             @MULFF
 Inline         5             @FTOSD
0     79   7   13             @DIV3232
0    341  29   13             @PRINTF_L32D_656FPFPF
0      4   0    0             @const701
 Inline         0             @cinit1

Program metrics:
    Functions               9
    Statements              112
    Comments                214
    Volume (V)              5804
    Difficulty (D)          39.6
    Effort to implement (E) 229885
    Time to implement (T)   3 hours, 33 minutes
    Est Delivered Bugs (B)  1
    Cyclomatic Complexity   8
    Maintainability (MI)    144

 Segment     Used  Free
-----------  ----  ----
00000-00003     4  0  
00004-007FF  1154  890  
00800-00FFF     0  2048  
01000-017FF     0  2048  
01800-01FFF     0  2048  



