
ROM used:   151/8192 (2%)
            151/8192 (2%) including unused fragments

            0.2 Average locations per line
            6.3 Average locations per statement

RAM used:   13/368 (4%) at main() level
            15/368 (4%) worst case

Stack used: 0 worst case (0 in main + 0 for interrupts)
Stack size: 8

Lines Stmts  %   Files
----- ----- ---  -----
   60    24 100  ext_int.c
  653     0   0  C:\Program Files (x86)\PICC\Devices\16f877.h
----- -----
  713    24 Total

Page ROM  %  RAM    Vol Diff  Functions:
---- --- --- ---    --- ----  ----------
0     21  14    1             @delay_ms1
0     43  28    1    231  3.2  ext_kesmesi
0     40  26    0    295  2.3  MAIN
 Inline         0             @cinit1

Program metrics:
    Functions               2
    Statements              24
    Comments                114
    Volume (V)              635
    Difficulty (D)          5.3
    Effort to implement (E) 3385
    Time to implement (T)   3 minutes
    Est Delivered Bugs (B)  0
    Cyclomatic Complexity   1
    Maintainability (MI)    62

 Segment     Used  Free
-----------  ----  ----
00000-00003     4  0  
00004-0002E    43  0  
0002F-007FF   104  1897  
00800-00FFF     0  2048  
01000-017FF     0  2048  
01800-01FFF     0  2048  



