
ROM used:   96/8192 (1%)
            96/8192 (1%) including unused fragments

            0.1 Average locations per line
            3.8 Average locations per statement

RAM used:   7/368 (2%) at main() level
            8/368 (2%) worst case

Stack used: 0 worst case (0 in main + 0 for interrupts)
Stack size: 8

Lines Stmts  %   Files
----- ----- ---  -----
   55    25 100  knight_rider.c
  653     0   0  C:\Program Files (x86)\PICC\Devices\16f877.h
----- -----
  708    25 Total

Page ROM  %  RAM    Vol Diff  Functions:
---- --- --- ---    --- ----  ----------
0     21  22    1             @delay_ms1
0     71  74    0    701  5.3  main
 Inline         0             @cinit1

Program metrics:
    Functions               1
    Statements              25
    Comments                114
    Volume (V)              706
    Difficulty (D)          5.1
    Effort to implement (E) 3611
    Time to implement (T)   3 minutes
    Est Delivered Bugs (B)  0
    Cyclomatic Complexity   2
    Maintainability (MI)    47

 Segment     Used  Free
-----------  ----  ----
00000-00003     4  0  
00004-007FF    92  1952  
00800-00FFF     0  2048  
01000-017FF     0  2048  
01800-01FFF     0  2048  



