
ROM used:   101/8192 (1%)
            101/8192 (1%) including unused fragments

            0.1 Average locations per line
            5.9 Average locations per statement

RAM used:   7/368 (2%) at main() level
            8/368 (2%) worst case

Stack used: 0 worst case (0 in main + 0 for interrupts)
Stack size: 8

Lines Stmts  %   Files
----- ----- ---  -----
   43    17 100  displayApp1.c
  653     0   0  C:\Program Files (x86)\PICC\Devices\16f877.h
----- -----
  696    17 Total

Page ROM  %  RAM    Vol Diff  Functions:
---- --- --- ---    --- ----  ----------
0     23  23    1             @delay_ms1
0     20  20    0    701  5.3  @const631
0     54  53    1    428  4.7  main
 Inline         0             @cinit1

Program metrics:
    Functions               2
    Statements              17
    Comments                114
    Volume (V)              1321
    Difficulty (D)          9.8
    Effort to implement (E) 12987
    Time to implement (T)   12 minutes
    Est Delivered Bugs (B)  0
    Cyclomatic Complexity   3
    Maintainability (MI)    64

 Segment     Used  Free
-----------  ----  ----
00000-00003     4  0  
00004-007FF    97  1947  
00800-00FFF     0  2048  
01000-017FF     0  2048  
01800-01FFF     0  2048  



